<?xml version="1.0" encoding="UTF-8"?><testrun name="TestaCasos" project="questao_02" tests="11" started="11" failures="0" errors="1" ignored="0">
  <testsuite name="testeDados.TestaCasos" time="0.064" displayname="TestaCasos" uniqueid="[engine:junit-jupiter]/[class:testeDados.TestaCasos]">
    <testcase name="inscricaoDeAlunoEmCurso" classname="testeDados.TestaCasos" time="0.03" displayname="inscricaoDeAlunoEmCurso()" uniqueid="[engine:junit-jupiter]/[class:testeDados.TestaCasos]/[method:inscricaoDeAlunoEmCurso()]">
      <error>java.lang.IndexOutOfBoundsException: Index: 0, Size: 0
	at java.util.ArrayList.rangeCheck(ArrayList.java:659)
	at java.util.ArrayList.get(ArrayList.java:435)
	at testeDados.TestaCasos.inscricaoDeAlunoEmCurso(TestaCasos.java:317)
	at sun.reflect.NativeMethodAccessorImpl.invoke0(Native Method)
	at sun.reflect.NativeMethodAccessorImpl.invoke(NativeMethodAccessorImpl.java:62)
	at sun.reflect.DelegatingMethodAccessorImpl.invoke(DelegatingMethodAccessorImpl.java:43)
	at java.lang.reflect.Method.invoke(Method.java:498)
	at org.junit.platform.commons.util.ReflectionUtils.invokeMethod(ReflectionUtils.java:675)
	at org.junit.jupiter.engine.execution.MethodInvocation.proceed(MethodInvocation.java:60)
	at org.junit.jupiter.engine.execution.InvocationInterceptorChain$ValidatingInvocation.proceed(InvocationInterceptorChain.java:125)
	at org.junit.jupiter.engine.extension.TimeoutExtension.intercept(TimeoutExtension.java:132)
	at org.junit.jupiter.engine.extension.TimeoutExtension.interceptTestableMethod(TimeoutExtension.java:124)
	at org.junit.jupiter.engine.extension.TimeoutExtension.interceptTestMethod(TimeoutExtension.java:74)
	at org.junit.jupiter.engine.execution.ExecutableInvoker$ReflectiveInterceptorCall.lambda$ofVoidMethod$0(ExecutableInvoker.java:115)
	at org.junit.jupiter.engine.execution.ExecutableInvoker.lambda$invoke$0(ExecutableInvoker.java:105)
	at org.junit.jupiter.engine.execution.InvocationInterceptorChain$InterceptedInvocation.proceed(InvocationInterceptorChain.java:104)
	at org.junit.jupiter.engine.execution.InvocationInterceptorChain.proceed(InvocationInterceptorChain.java:62)
	at org.junit.jupiter.engine.execution.InvocationInterceptorChain.chainAndInvoke(InvocationInterceptorChain.java:43)
	at org.junit.jupiter.engine.execution.InvocationInterceptorChain.invoke(InvocationInterceptorChain.java:35)
	at org.junit.jupiter.engine.execution.ExecutableInvoker.invoke(ExecutableInvoker.java:104)
	at org.junit.jupiter.engine.execution.ExecutableInvoker.invoke(ExecutableInvoker.java:98)
	at org.junit.jupiter.engine.descriptor.TestMethodTestDescriptor.lambda$invokeTestMethod$6(TestMethodTestDescriptor.java:202)
	at org.junit.platform.engine.support.hierarchical.ThrowableCollector.execute(ThrowableCollector.java:73)
	at org.junit.jupiter.engine.descriptor.TestMethodTestDescriptor.invokeTestMethod(TestMethodTestDescriptor.java:198)
	at org.junit.jupiter.engine.descriptor.TestMethodTestDescriptor.execute(TestMethodTestDescriptor.java:135)
	at org.junit.jupiter.engine.descriptor.TestMethodTestDescriptor.execute(TestMethodTestDescriptor.java:69)
	at org.junit.platform.engine.support.hierarchical.NodeTestTask.lambda$executeRecursively$5(NodeTestTask.java:135)
	at org.junit.platform.engine.support.hierarchical.ThrowableCollector.execute(ThrowableCollector.java:73)
	at org.junit.platform.engine.support.hierarchical.NodeTestTask.lambda$executeRecursively$7(NodeTestTask.java:125)
	at org.junit.platform.engine.support.hierarchical.Node.around(Node.java:135)
	at org.junit.platform.engine.support.hierarchical.NodeTestTask.lambda$executeRecursively$8(NodeTestTask.java:123)
	at org.junit.platform.engine.support.hierarchical.ThrowableCollector.execute(ThrowableCollector.java:73)
	at org.junit.platform.engine.support.hierarchical.NodeTestTask.executeRecursively(NodeTestTask.java:122)
	at org.junit.platform.engine.support.hierarchical.NodeTestTask.execute(NodeTestTask.java:80)
	at java.util.ArrayList.forEach(ArrayList.java:1259)
	at org.junit.platform.engine.support.hierarchical.SameThreadHierarchicalTestExecutorService.invokeAll(SameThreadHierarchicalTestExecutorService.java:38)
	at org.junit.platform.engine.support.hierarchical.NodeTestTask.lambda$executeRecursively$5(NodeTestTask.java:139)
	at org.junit.platform.engine.support.hierarchical.ThrowableCollector.execute(ThrowableCollector.java:73)
	at org.junit.platform.engine.support.hierarchical.NodeTestTask.lambda$executeRecursively$7(NodeTestTask.java:125)
	at org.junit.platform.engine.support.hierarchical.Node.around(Node.java:135)
	at org.junit.platform.engine.support.hierarchical.NodeTestTask.lambda$executeRecursively$8(NodeTestTask.java:123)
	at org.junit.platform.engine.support.hierarchical.ThrowableCollector.execute(ThrowableCollector.java:73)
	at org.junit.platform.engine.support.hierarchical.NodeTestTask.executeRecursively(NodeTestTask.java:122)
	at org.junit.platform.engine.support.hierarchical.NodeTestTask.execute(NodeTestTask.java:80)
	at java.util.ArrayList.forEach(ArrayList.java:1259)
	at org.junit.platform.engine.support.hierarchical.SameThreadHierarchicalTestExecutorService.invokeAll(SameThreadHierarchicalTestExecutorService.java:38)
	at org.junit.platform.engine.support.hierarchical.NodeTestTask.lambda$executeRecursively$5(NodeTestTask.java:139)
	at org.junit.platform.engine.support.hierarchical.ThrowableCollector.execute(ThrowableCollector.java:73)
	at org.junit.platform.engine.support.hierarchical.NodeTestTask.lambda$executeRecursively$7(NodeTestTask.java:125)
	at org.junit.platform.engine.support.hierarchical.Node.around(Node.java:135)
	at org.junit.platform.engine.support.hierarchical.NodeTestTask.lambda$executeRecursively$8(NodeTestTask.java:123)
	at org.junit.platform.engine.support.hierarchical.ThrowableCollector.execute(ThrowableCollector.java:73)
	at org.junit.platform.engine.support.hierarchical.NodeTestTask.executeRecursively(NodeTestTask.java:122)
	at org.junit.platform.engine.support.hierarchical.NodeTestTask.execute(NodeTestTask.java:80)
	at org.junit.platform.engine.support.hierarchical.SameThreadHierarchicalTestExecutorService.submit(SameThreadHierarchicalTestExecutorService.java:32)
	at org.junit.platform.engine.support.hierarchical.HierarchicalTestExecutor.execute(HierarchicalTestExecutor.java:57)
	at org.junit.platform.engine.support.hierarchical.HierarchicalTestEngine.execute(HierarchicalTestEngine.java:51)
	at org.junit.platform.launcher.core.DefaultLauncher.execute(DefaultLauncher.java:229)
	at org.junit.platform.launcher.core.DefaultLauncher.lambda$execute$6(DefaultLauncher.java:197)
	at org.junit.platform.launcher.core.DefaultLauncher.withInterceptedStreams(DefaultLauncher.java:211)
	at org.junit.platform.launcher.core.DefaultLauncher.execute(DefaultLauncher.java:191)
	at org.junit.platform.launcher.core.DefaultLauncher.execute(DefaultLauncher.java:137)
	at org.eclipse.jdt.internal.junit5.runner.JUnit5TestReference.run(JUnit5TestReference.java:89)
	at org.eclipse.jdt.internal.junit.runner.TestExecution.run(TestExecution.java:41)
	at org.eclipse.jdt.internal.junit.runner.RemoteTestRunner.runTests(RemoteTestRunner.java:542)
	at org.eclipse.jdt.internal.junit.runner.RemoteTestRunner.runTests(RemoteTestRunner.java:770)
	at org.eclipse.jdt.internal.junit.runner.RemoteTestRunner.run(RemoteTestRunner.java:464)
	at org.eclipse.jdt.internal.junit.runner.RemoteTestRunner.main(RemoteTestRunner.java:210)

</error>
    </testcase>
    <testcase name="criacaoDeDisciplina" classname="testeDados.TestaCasos" time="0.006" displayname="criacaoDeDisciplina()" uniqueid="[engine:junit-jupiter]/[class:testeDados.TestaCasos]/[method:criacaoDeDisciplina()]"/>
    <testcase name="listagemDeAlunosAtualmenteMatriculados" classname="testeDados.TestaCasos" time="0.002" displayname="listagemDeAlunosAtualmenteMatriculados()" uniqueid="[engine:junit-jupiter]/[class:testeDados.TestaCasos]/[method:listagemDeAlunosAtualmenteMatriculados()]"/>
    <testcase name="alteracaoDeDisciplina" classname="testeDados.TestaCasos" time="0.002" displayname="alteracaoDeDisciplina()" uniqueid="[engine:junit-jupiter]/[class:testeDados.TestaCasos]/[method:alteracaoDeDisciplina()]"/>
    <testcase name="listagemDeAlunos" classname="testeDados.TestaCasos" time="0.001" displayname="listagemDeAlunos()" uniqueid="[engine:junit-jupiter]/[class:testeDados.TestaCasos]/[method:listagemDeAlunos()]"/>
    <testcase name="criarCurso" classname="testeDados.TestaCasos" time="0.003" displayname="criarCurso()" uniqueid="[engine:junit-jupiter]/[class:testeDados.TestaCasos]/[method:criarCurso()]"/>
    <testcase name="alteracaoDeHorarioDeCurso" classname="testeDados.TestaCasos" time="0.001" displayname="alteracaoDeHorarioDeCurso()" uniqueid="[engine:junit-jupiter]/[class:testeDados.TestaCasos]/[method:alteracaoDeHorarioDeCurso()]"/>
    <testcase name="criacaoDeHorarioDeCurso" classname="testeDados.TestaCasos" time="0.002" displayname="criacaoDeHorarioDeCurso()" uniqueid="[engine:junit-jupiter]/[class:testeDados.TestaCasos]/[method:criacaoDeHorarioDeCurso()]"/>
    <testcase name="lançamentoDeNotas" classname="testeDados.TestaCasos" time="0.002" displayname="lançamentoDeNotas()" uniqueid="[engine:junit-jupiter]/[class:testeDados.TestaCasos]/[method:lançamentoDeNotas()]"/>
    <testcase name="remocaoDisciplina" classname="testeDados.TestaCasos" time="0.003" displayname="remocaoDisciplina()" uniqueid="[engine:junit-jupiter]/[class:testeDados.TestaCasos]/[method:remocaoDisciplina()]"/>
    <testcase name="geracaoDeHorario" classname="testeDados.TestaCasos" time="0.011" displayname="geracaoDeHorario()" uniqueid="[engine:junit-jupiter]/[class:testeDados.TestaCasos]/[method:geracaoDeHorario()]"/>
  </testsuite>
</testrun>
